# JRE version: OpenJDK Runtime Environment (8.0_212-b04) (build 1.8.0_212-release-1586-b04)
# Java VM: OpenJDK 64-Bit Server VM (25.212-b04 mixed mode windows-amd64 compressed oops)
Heap:
 PSYoungGen      total 459264K, used 105520K [0x00000000e0000000, 0x00000000ffd00000, 0x0000000100000000)
  eden space 418304K, 24% used [0x00000000e0000000,0x00000000e62bc118,0x00000000f9880000)
  from space 40960K, 10% used [0x00000000fc100000,0x00000000fc550000,0x00000000fe900000)
  to   space 41472K, 0% used [0x00000000f9880000,0x00000000f9880000,0x00000000fc100000)
 ParOldGen       total 283648K, used 112824K [0x00000000a0000000, 0x00000000b1500000, 0x00000000e0000000)
  object space 283648K, 39% used [0x00000000a0000000,0x00000000a6e2e2d8,0x00000000b1500000)
 Metaspace       used 100785K, capacity 105612K, committed 105752K, reserved 1140736K
  class space    used 13081K, capacity 14057K, committed 14104K, reserved 1048576K
GC Heap History (10 events):
Event: 1160.482 GC heap before
{Heap before GC invocations=18 (full 4):
 PSYoungGen      total 323072K, used 27132K [0x00000000e0000000, 0x00000000fa200000, 0x0000000100000000)
  eden space 295936K, 0% used [0x00000000e0000000,0x00000000e0000000,0x00000000f2100000)
  from space 27136K, 99% used [0x00000000f8780000,0x00000000fa1ff3c0,0x00000000fa200000)
  to   space 31232K, 0% used [0x00000000f6500000,0x00000000f6500000,0x00000000f8380000)
 ParOldGen       total 191488K, used 70666K [0x00000000a0000000, 0x00000000abb00000, 0x00000000e0000000)
  object space 191488K, 36% used [0x00000000a0000000,0x00000000a4502b08,0x00000000abb00000)
 Metaspace       used 94109K, capacity 98524K, committed 98600K, reserved 1134592K
  class space    used 12596K, capacity 13445K, committed 13464K, reserved 1048576K
Event: 1160.999 GC heap after
Heap after GC invocations=18 (full 4):
 PSYoungGen      total 323072K, used 0K [0x00000000e0000000, 0x00000000fa200000, 0x0000000100000000)
  eden space 295936K, 0% used [0x00000000e0000000,0x00000000e0000000,0x00000000f2100000)
  from space 27136K, 0% used [0x00000000f8780000,0x00000000f8780000,0x00000000fa200000)
  to   space 31232K, 0% used [0x00000000f6500000,0x00000000f6500000,0x00000000f8380000)
 ParOldGen       total 283648K, used 72136K [0x00000000a0000000, 0x00000000b1500000, 0x00000000e0000000)
  object space 283648K, 25% used [0x00000000a0000000,0x00000000a46721a0,0x00000000b1500000)
 Metaspace       used 94053K, capacity 98370K, committed 98600K, reserved 1134592K
  class space    used 12578K, capacity 13414K, committed 13464K, reserved 1048576K
}
Event: 1167.867 GC heap before
{Heap before GC invocations=19 (full 4):
 PSYoungGen      total 323072K, used 295936K [0x00000000e0000000, 0x00000000fa200000, 0x0000000100000000)
  eden space 295936K, 100% used [0x00000000e0000000,0x00000000f2100000,0x00000000f2100000)
  from space 27136K, 0% used [0x00000000f8780000,0x00000000f8780000,0x00000000fa200000)
  to   space 31232K, 0% used [0x00000000f6500000,0x00000000f6500000,0x00000000f8380000)
 ParOldGen       total 283648K, used 72136K [0x00000000a0000000, 0x00000000b1500000, 0x00000000e0000000)
  object space 283648K, 25% used [0x00000000a0000000,0x00000000a46721a0,0x00000000b1500000)
 Metaspace       used 96339K, capacity 100868K, committed 101016K, reserved 1136640K
  class space    used 12787K, capacity 13667K, committed 13720K, reserved 1048576K
Event: 1167.896 GC heap after
Heap after GC invocations=19 (full 4):
 PSYoungGen      total 366592K, used 10610K [0x00000000e0000000, 0x00000000f9680000, 0x0000000100000000)
  eden space 355840K, 0% used [0x00000000e0000000,0x00000000e0000000,0x00000000f5b80000)
  from space 10752K, 98% used [0x00000000f6500000,0x00000000f6f5cad0,0x00000000f6f80000)
  to   space 30208K, 0% used [0x00000000f7900000,0x00000000f7900000,0x00000000f9680000)
 ParOldGen       total 283648K, used 72144K [0x00000000a0000000, 0x00000000b1500000, 0x00000000e0000000)
  object space 283648K, 25% used [0x00000000a0000000,0x00000000a46741a0,0x00000000b1500000)
 Metaspace       used 96339K, capacity 100868K, committed 101016K, reserved 1136640K
  class space    used 12787K, capacity 13667K, committed 13720K, reserved 1048576K
}
Event: 1178.167 GC heap before
{Heap before GC invocations=20 (full 4):
 PSYoungGen      total 366592K, used 366450K [0x00000000e0000000, 0x00000000f9680000, 0x0000000100000000)
  eden space 355840K, 100% used [0x00000000e0000000,0x00000000f5b80000,0x00000000f5b80000)
  from space 10752K, 98% used [0x00000000f6500000,0x00000000f6f5cad0,0x00000000f6f80000)
  to   space 30208K, 0% used [0x00000000f7900000,0x00000000f7900000,0x00000000f9680000)
 ParOldGen       total 283648K, used 72144K [0x00000000a0000000, 0x00000000b1500000, 0x00000000e0000000)
  object space 283648K, 25% used [0x00000000a0000000,0x00000000a46741a0,0x00000000b1500000)
 Metaspace       used 100272K, capacity 105064K, committed 105240K, reserved 1140736K
  class space    used 13071K, capacity 14013K, committed 14104K, reserved 1048576K
Event: 1178.238 GC heap after
Heap after GC invocations=20 (full 4):
 PSYoungGen      total 386048K, used 30181K [0x00000000e0000000, 0x00000000f9680000, 0x0000000100000000)
  eden space 355840K, 0% used [0x00000000e0000000,0x00000000e0000000,0x00000000f5b80000)
  from space 30208K, 99% used [0x00000000f7900000,0x00000000f96797b0,0x00000000f9680000)
  to   space 10752K, 0% used [0x00000000f6500000,0x00000000f6500000,0x00000000f6f80000)
 ParOldGen       total 283648K, used 83969K [0x00000000a0000000, 0x00000000b1500000, 0x00000000e0000000)
  object space 283648K, 29% used [0x00000000a0000000,0x00000000a52004c0,0x00000000b1500000)
 Metaspace       used 100272K, capacity 105064K, committed 105240K, reserved 1140736K
  class space    used 13071K, capacity 14013K, committed 14104K, reserved 1048576K
}
Event: 1181.414 GC heap before
{Heap before GC invocations=21 (full 4):
 PSYoungGen      total 386048K, used 386021K [0x00000000e0000000, 0x00000000f9680000, 0x0000000100000000)
  eden space 355840K, 100% used [0x00000000e0000000,0x00000000f5b80000,0x00000000f5b80000)
  from space 30208K, 99% used [0x00000000f7900000,0x00000000f96797b0,0x00000000f9680000)
  to   space 10752K, 0% used [0x00000000f6500000,0x00000000f6500000,0x00000000f6f80000)
 ParOldGen       total 283648K, used 83969K [0x00000000a0000000, 0x00000000b1500000, 0x00000000e0000000)
  object space 283648K, 29% used [0x00000000a0000000,0x00000000a52004c0,0x00000000b1500000)
 Metaspace       used 100562K, capacity 105368K, committed 105496K, reserved 1140736K
  class space    used 13078K, capacity 14055K, committed 14104K, reserved 1048576K
Event: 1181.489 GC heap after
Heap after GC invocations=21 (full 4):
 PSYoungGen      total 376320K, used 10720K [0x00000000e0000000, 0x00000000fe900000, 0x0000000100000000)
  eden space 365568K, 0% used [0x00000000e0000000,0x00000000e0000000,0x00000000f6500000)
  from space 10752K, 99% used [0x00000000f6500000,0x00000000f6f782d0,0x00000000f6f80000)
  to   space 40960K, 0% used [0x00000000fc100000,0x00000000fc100000,0x00000000fe900000)
 ParOldGen       total 283648K, used 102528K [0x00000000a0000000, 0x00000000b1500000, 0x00000000e0000000)
  object space 283648K, 36% used [0x00000000a0000000,0x00000000a6420290,0x00000000b1500000)
 Metaspace       used 100562K, capacity 105368K, committed 105496K, reserved 1140736K
  class space    used 13078K, capacity 14055K, committed 14104K, reserved 1048576K
}
Event: 1184.402 GC heap before
{Heap before GC invocations=22 (full 4):
 PSYoungGen      total 376320K, used 376288K [0x00000000e0000000, 0x00000000fe900000, 0x0000000100000000)
  eden space 365568K, 100% used [0x00000000e0000000,0x00000000f6500000,0x00000000f6500000)
  from space 10752K, 99% used [0x00000000f6500000,0x00000000f6f782d0,0x00000000f6f80000)
  to   space 40960K, 0% used [0x00000000fc100000,0x00000000fc100000,0x00000000fe900000)
 ParOldGen       total 283648K, used 102528K [0x00000000a0000000, 0x00000000b1500000, 0x00000000e0000000)
  object space 283648K, 36% used [0x00000000a0000000,0x00000000a6420290,0x00000000b1500000)
 Metaspace       used 100724K, capacity 105522K, committed 105752K, reserved 1140736K
  class space    used 13079K, capacity 14056K, committed 14104K, reserved 1048576K
Event: 1184.468 GC heap after
Heap after GC invocations=22 (full 4):
 PSYoungGen      total 459264K, used 4416K [0x00000000e0000000, 0x00000000ffd00000, 0x0000000100000000)
  eden space 418304K, 0% used [0x00000000e0000000,0x00000000e0000000,0x00000000f9880000)
  from space 40960K, 10% used [0x00000000fc100000,0x00000000fc550000,0x00000000fe900000)
  to   space 41472K, 0% used [0x00000000f9880000,0x00000000f9880000,0x00000000fc100000)
 ParOldGen       total 283648K, used 112824K [0x00000000a0000000, 0x00000000b1500000, 0x00000000e0000000)
  object space 283648K, 39% used [0x00000000a0000000,0x00000000a6e2e2d8,0x00000000b1500000)
 Metaspace       used 100724K, capacity 105522K, committed 105752K, reserved 1140736K
  class space    used 13079K, capacity 14056K, committed 14104K, reserved 1048576K
}

